<?xml version="1.0" encoding="UTF-8"?>
<!-- Generated by org.testng.reporters.JUnitReportReporter -->
<testsuite hostname="DEVOPS_02" name="jenkin_demo.Jenkin1" tests="1" failures="0" timestamp="24 Jul 2018 06:13:58 GMT" time="17.880" errors="0">
  <testcase name="test123" time="17.880" classname="jenkin_demo.Jenkin1"/>
</testsuite> <!-- jenkin_demo.Jenkin1 -->
